Android App/Drone Controller App/build/outputs/logs/manifest-merger-debug-report.txt
-- Merging decision tree log ---
manifest
ADDED from src\main\AndroidManifest.xml:2:1-26:12
INJECTED from src\main\AndroidManifest.xml:2:1-26:12
INJECTED from src\main\AndroidManifest.xml:2:1-26:12
INJECTED from src\main\AndroidManifest.xml:2:1-26:12
MERGED from [:gvr:] AndroidManifest.xml:2:1-9:12
MERGED from [:unitygvr:] AndroidManifest.xml:2:1-11:12
INJECTED from src\main\AndroidManifest.xml:2:1-26:12
INJECTED from src\main\AndroidManifest.xml:2:1-26:12
INJECTED from src\main\AndroidManifest.xml:2:1-26:12
	package
		ADDED from src\main\AndroidManifest.xml:2:70-92
		INJECTED from src\main\AndroidManifest.xml
		INJECTED from src\main\AndroidManifest.xml
	android:versionName
		INJECTED from src\main\AndroidManifest.xml
		ADDED from src\main\AndroidManifest.xml:2:1-26:12
		INJECTED from src\main\AndroidManifest.xml
	xmlns:tools
		ADDED from src\main\AndroidManifest.xml:2:93-139
	android:versionCode
		INJECTED from src\main\AndroidManifest.xml
		ADDED from src\main\AndroidManifest.xml:2:1-26:12
		INJECTED from src\main\AndroidManifest.xml
	xmlns:android
		ADDED from src\main\AndroidManifest.xml:2:11-69
	android:installLocation
		ADDED from src\main\AndroidManifest.xml:2:140-180
supports-screens
ADDED from src\main\AndroidManifest.xml:3:3-163
	android:largeScreens
		ADDED from src\main\AndroidManifest.xml:3:78-105
	android:smallScreens
		ADDED from src\main\AndroidManifest.xml:3:21-48
	android:normalScreens
		ADDED from src\main\AndroidManifest.xml:3:49-77
	android:xlargeScreens
		ADDED from src\main\AndroidManifest.xml:3:106-134
	android:anyDensity
		ADDED from src\main\AndroidManifest.xml:3:135-160
application
ADDED from src\main\AndroidManifest.xml:4:3-18:17
	android:label
		ADDED from src\main\AndroidManifest.xml:4:48-80
	android:icon
		ADDED from src\main\AndroidManifest.xml:4:16-47
	android:banner
		ADDED from src\main\AndroidManifest.xml:4:103-140
	android:theme
		ADDED from src\main\AndroidManifest.xml:4:141-179
	android:isGame
		ADDED from src\main\AndroidManifest.xml:4:81-102
activity#com.dell.xyz.UnityPlayerActivity
ADDED from src\main\AndroidManifest.xml:5:5-13:16
	android:screenOrientation
		ADDED from src\main\AndroidManifest.xml:5:48-86
	android:label
		ADDED from src\main\AndroidManifest.xml:5:15-47
	android:launchMode
		ADDED from src\main\AndroidManifest.xml:5:87-118
	android:hardwareAccelerated
		ADDED from src\main\AndroidManifest.xml:5:301-336
	android:configChanges
		ADDED from src\main\AndroidManifest.xml:5:119-300
	android:name
		ADDED from src\main\AndroidManifest.xml:5:337-384
intent-filter#action:name:android.intent.action.MAIN+category:name:android.intent.category.LAUNCHER+category:name:android.intent.category.LEANBACK_LAUNCHER+category:name:com.google.intent.category.CARDBOARD
ADDED from src\main\AndroidManifest.xml:6:7-11:23
action#android.intent.action.MAIN
ADDED from src\main\AndroidManifest.xml:7:9-61
	android:name
		ADDED from src\main\AndroidManifest.xml:7:17-58
category#android.intent.category.LAUNCHER
ADDED from src\main\AndroidManifest.xml:8:9-69
	android:name
		ADDED from src\main\AndroidManifest.xml:8:19-66
category#android.intent.category.LEANBACK_LAUNCHER
ADDED from src\main\AndroidManifest.xml:9:9-78
	android:name
		ADDED from src\main\AndroidManifest.xml:9:19-75
category#com.google.intent.category.CARDBOARD
ADDED from src\main\AndroidManifest.xml:10:9-73
	android:name
		ADDED from src\main\AndroidManifest.xml:10:19-70
meta-data#unityplayer.UnityActivity
ADDED from src\main\AndroidManifest.xml:12:7-82
	android:value
		ADDED from src\main\AndroidManifest.xml:12:59-79
	android:name
		ADDED from src\main\AndroidManifest.xml:12:18-58
meta-data#unityplayer.SkipPermissionsDialog
ADDED from src\main\AndroidManifest.xml:14:5-88
	android:value
		ADDED from src\main\AndroidManifest.xml:14:65-85
	android:name
		ADDED from src\main\AndroidManifest.xml:14:16-64
meta-data#unity.build-id
ADDED from src\main\AndroidManifest.xml:15:5-101
	android:value
		ADDED from src\main\AndroidManifest.xml:15:46-98
	android:name
		ADDED from src\main\AndroidManifest.xml:15:16-45
meta-data#unity.splash-mode
ADDED from src\main\AndroidManifest.xml:16:5-69
	android:value
		ADDED from src\main\AndroidManifest.xml:16:49-66
	android:name
		ADDED from src\main\AndroidManifest.xml:16:16-48
meta-data#unity.splash-enable
ADDED from src\main\AndroidManifest.xml:17:5-75
	android:value
		ADDED from src\main\AndroidManifest.xml:17:51-72
	android:name
		ADDED from src\main\AndroidManifest.xml:17:16-50
uses-feature#0x00020000
ADDED from src\main\AndroidManifest.xml:19:3-52
	android:glEsVersion
		ADDED from src\main\AndroidManifest.xml:19:17-49
uses-permission#android.permission.READ_EXTERNAL_STORAGE
ADDED from src\main\AndroidManifest.xml:20:3-78
	android:name
		ADDED from src\main\AndroidManifest.xml:20:20-75
uses-permission#android.permission.INTERNET
ADDED from src\main\AndroidManifest.xml:21:3-65
	android:name
		ADDED from src\main\AndroidManifest.xml:21:20-62
uses-permission#android.permission.WRITE_EXTERNAL_STORAGE
ADDED from src\main\AndroidManifest.xml:22:3-106
	android:maxSdkVersion
		ADDED from src\main\AndroidManifest.xml:22:77-103
	android:name
		ADDED from src\main\AndroidManifest.xml:22:20-76
uses-feature#android.hardware.touchscreen
ADDED from src\main\AndroidManifest.xml:23:3-88
	android:required
		ADDED from src\main\AndroidManifest.xml:23:61-85
	android:name
		ADDED from src\main\AndroidManifest.xml:23:17-60
uses-feature#android.hardware.touchscreen.multitouch
ADDED from src\main\AndroidManifest.xml:24:3-99
	android:required
		ADDED from src\main\AndroidManifest.xml:24:72-96
	android:name
		ADDED from src\main\AndroidManifest.xml:24:17-71
uses-feature#android.hardware.touchscreen.multitouch.distinct
ADDED from src\main\AndroidManifest.xml:25:3-108
	android:required
		ADDED from src\main\AndroidManifest.xml:25:81-105
	android:name
		ADDED from src\main\AndroidManifest.xml:25:17-80
uses-sdk
INJECTED from src\main\AndroidManifest.xml reason: use-sdk injection requested
INJECTED from src\main\AndroidManifest.xml
INJECTED from src\main\AndroidManifest.xml
MERGED from [:gvr:] AndroidManifest.xml:5:5-7:41
MERGED from [:gvr:] AndroidManifest.xml:5:5-7:41
MERGED from [:unitygvr:] AndroidManifest.xml:7:5-9:41
MERGED from [:unitygvr:] AndroidManifest.xml:7:5-9:41
INJECTED from src\main\AndroidManifest.xml
INJECTED from src\main\AndroidManifest.xml
	android:targetSdkVersion
		INJECTED from src\main\AndroidManifest.xml
		ADDED from src\main\AndroidManifest.xml
		INJECTED from src\main\AndroidManifest.xml
	android:minSdkVersion
		INJECTED from src\main\AndroidManifest.xml
		ADDED from src\main\AndroidManifest.xml
		INJECTED from src\main\AndroidManifest.xml